<?xml version="1.0" encoding="UTF-8"?>
<!-- Generated by org.testng.reporters.JUnitXMLReporter -->
<testsuite hostname="GSIPC-5121" ignored="0" name="Second TestCase" tests="1" failures="1" timestamp="20 Sep 2019 11:44:31 GMT" time="0.073" errors="0">
  <testcase name="admin" time="0.014" classname="com.Test.TestNGProgramExampleforJenkins.TestNG2">
    <failure type="java.lang.NullPointerException">
      <![CDATA[java.lang.NullPointerException
at com.Test.TestNGProgramExampleforJenkins.TestNG2.admin(TestNG2.java:13)
... Removed 25 stack frames]]>
    </failure>
  </testcase> <!-- admin -->
</testsuite> <!-- Second TestCase -->
