<?xml version="1.0" encoding="UTF-8"?>
<testng-results skipped="0" failed="0" ignored="0" total="1" passed="1">
  <reporter-output>
  </reporter-output>
  <suite name="Testng run in jenkins" duration-ms="37232" started-at="2019-09-20T12:41:10Z" finished-at="2019-09-20T12:41:47Z">
    <groups>
    </groups>
    <test name="Testng vs Jenkins" duration-ms="37232" started-at="2019-09-20T12:41:10Z" finished-at="2019-09-20T12:41:47Z">
      <class name="com.Test.TestNGProgramExampleforJenkins.TestNG2">
        <test-method status="PASS" signature="intialize()[pri:0, instance:com.Test.TestNGProgramExampleforJenkins.TestNG2@a38d7a3]" name="intialize" is-config="true" duration-ms="3925" started-at="2019-09-20T12:41:06Z" finished-at="2019-09-20T12:41:10Z">
          <reporter-output>
          </reporter-output>
        </test-method> <!-- intialize -->
        <test-method status="PASS" signature="login(java.lang.String, java.lang.String, java.lang.String)[pri:0, instance:com.Test.TestNGProgramExampleforJenkins.TestNG2@a38d7a3]" name="login" is-config="true" duration-ms="29191" started-at="2019-09-20T12:41:10Z" finished-at="2019-09-20T12:41:39Z">
          <params>
            <param index="0">
              <value>
                <![CDATA[https://hhcuat.gsihealth.net]]>
              </value>
            </param>
            <param index="1">
              <value>
                <![CDATA[prabhaharan.velu@gsihealth.com]]>
              </value>
            </param>
            <param index="2">
              <value>
                <![CDATA[Imax123#]]>
              </value>
            </param>
          </params>
          <reporter-output>
          </reporter-output>
        </test-method> <!-- login -->
        <test-method status="PASS" signature="admin()[pri:0, instance:com.Test.TestNGProgramExampleforJenkins.TestNG2@a38d7a3]" name="admin" duration-ms="559" started-at="2019-09-20T12:41:39Z" finished-at="2019-09-20T12:41:39Z">
          <reporter-output>
          </reporter-output>
        </test-method> <!-- admin -->
        <test-method status="PASS" signature="logout()[pri:0, instance:com.Test.TestNGProgramExampleforJenkins.TestNG2@a38d7a3]" name="logout" is-config="true" duration-ms="7450" started-at="2019-09-20T12:41:39Z" finished-at="2019-09-20T12:41:47Z">
          <reporter-output>
          </reporter-output>
        </test-method> <!-- logout -->
        <test-method status="FAIL" signature="shut()[pri:0, instance:com.Test.TestNGProgramExampleforJenkins.TestNG2@a38d7a3]" name="shut" is-config="true" duration-ms="2146" started-at="2019-09-20T12:41:47Z" finished-at="2019-09-20T12:41:49Z">
          <exception class="org.openqa.selenium.WebDriverException">
            <message>
              <![CDATA[chrome not reachable
  (Session info: chrome=76.0.3809.132)
Build info: version: '3.141.59', revision: 'e82be7d358', time: '2018-11-14T08:17:03'
System info: host: 'GSIPC-5121', ip: '10.153.1.82', os.name: 'Windows 10', os.arch: 'amd64', os.version: '10.0', java.version: '1.8.0_221'
Driver info: org.openqa.selenium.chrome.ChromeDriver
Capabilities {acceptInsecureCerts: false, browserName: chrome, browserVersion: 76.0.3809.132, chrome: {chromedriverVersion: 76.0.3809.12 (220b19a666554..., userDataDir: C:\Users\saraj\AppData\Loca...}, goog:chromeOptions: {debuggerAddress: localhost:62072}, javascriptEnabled: true, networkConnectionEnabled: false, pageLoadStrategy: normal, platform: XP, platformName: XP, proxy: Proxy(), setWindowRect: true, strictFileInteractability: false, timeouts: {implicit: 0, pageLoad: 300000, script: 30000}, unhandledPromptBehavior: dismiss and notify}
Session ID: 17d7803d393f8f0902133fea938f8faa]]>
            </message>
            <full-stacktrace>
              <![CDATA[org.openqa.selenium.WebDriverException: chrome not reachable
  (Session info: chrome=76.0.3809.132)
Build info: version: '3.141.59', revision: 'e82be7d358', time: '2018-11-14T08:17:03'
System info: host: 'GSIPC-5121', ip: '10.153.1.82', os.name: 'Windows 10', os.arch: 'amd64', os.version: '10.0', java.version: '1.8.0_221'
Driver info: org.openqa.selenium.chrome.ChromeDriver
Capabilities {acceptInsecureCerts: false, browserName: chrome, browserVersion: 76.0.3809.132, chrome: {chromedriverVersion: 76.0.3809.12 (220b19a666554..., userDataDir: C:\Users\saraj\AppData\Loca...}, goog:chromeOptions: {debuggerAddress: localhost:62072}, javascriptEnabled: true, networkConnectionEnabled: false, pageLoadStrategy: normal, platform: XP, platformName: XP, proxy: Proxy(), setWindowRect: true, strictFileInteractability: false, timeouts: {implicit: 0, pageLoad: 300000, script: 30000}, unhandledPromptBehavior: dismiss and notify}
Session ID: 17d7803d393f8f0902133fea938f8faa
at sun.reflect.NativeConstructorAccessorImpl.newInstance0(Native Method)
at sun.reflect.NativeConstructorAccessorImpl.newInstance(Unknown Source)
at sun.reflect.DelegatingConstructorAccessorImpl.newInstance(Unknown Source)
at java.lang.reflect.Constructor.newInstance(Unknown Source)
at org.openqa.selenium.remote.http.W3CHttpResponseCodec.createException(W3CHttpResponseCodec.java:187)
at org.openqa.selenium.remote.http.W3CHttpResponseCodec.decode(W3CHttpResponseCodec.java:122)
at org.openqa.selenium.remote.http.W3CHttpResponseCodec.decode(W3CHttpResponseCodec.java:49)
at org.openqa.selenium.remote.HttpCommandExecutor.execute(HttpCommandExecutor.java:158)
at org.openqa.selenium.remote.service.DriverCommandExecutor.execute(DriverCommandExecutor.java:83)
at org.openqa.selenium.remote.RemoteWebDriver.execute(RemoteWebDriver.java:552)
at org.openqa.selenium.remote.RemoteWebDriver.execute(RemoteWebDriver.java:609)
at org.openqa.selenium.remote.RemoteWebDriver.close(RemoteWebDriver.java:442)
at com.Test.TestNGProgramExampleforJenkins.TestNG1.shut(TestNG1.java:51)
at sun.reflect.NativeMethodAccessorImpl.invoke0(Native Method)
at sun.reflect.NativeMethodAccessorImpl.invoke(Unknown Source)
at sun.reflect.DelegatingMethodAccessorImpl.invoke(Unknown Source)
at java.lang.reflect.Method.invoke(Unknown Source)
at org.testng.internal.MethodInvocationHelper.invokeMethod(MethodInvocationHelper.java:124)
at org.testng.internal.MethodInvocationHelper.invokeMethodConsideringTimeout(MethodInvocationHelper.java:59)
at org.testng.internal.Invoker.invokeConfigurationMethod(Invoker.java:455)
at org.testng.internal.Invoker.invokeConfigurations(Invoker.java:222)
at org.testng.internal.Invoker.invokeConfigurations(Invoker.java:142)
at org.testng.SuiteRunner.privateRun(SuiteRunner.java:425)
at org.testng.SuiteRunner.run(SuiteRunner.java:364)
at org.testng.SuiteRunnerWorker.runSuite(SuiteRunnerWorker.java:52)
at org.testng.SuiteRunnerWorker.run(SuiteRunnerWorker.java:84)
at org.testng.TestNG.runSuitesSequentially(TestNG.java:1208)
at org.testng.TestNG.runSuitesLocally(TestNG.java:1137)
at org.testng.TestNG.runSuites(TestNG.java:1049)
at org.testng.TestNG.run(TestNG.java:1017)
at org.testng.remote.AbstractRemoteTestNG.run(AbstractRemoteTestNG.java:115)
at org.testng.remote.RemoteTestNG.initAndRun(RemoteTestNG.java:251)
at org.testng.remote.RemoteTestNG.main(RemoteTestNG.java:77)
]]>
            </full-stacktrace>
          </exception> <!-- org.openqa.selenium.WebDriverException -->
          <reporter-output>
          </reporter-output>
        </test-method> <!-- shut -->
      </class> <!-- com.Test.TestNGProgramExampleforJenkins.TestNG2 -->
    </test> <!-- Testng vs Jenkins -->
  </suite> <!-- Testng run in jenkins -->
</testng-results>
